0 info it worked if it ends with ok
1 verbose cli [ 'C:\\Program Files\\nodejs\\\\node.exe',
1 verbose cli   'C:\\Program Files\\nodejs\\node_modules\\npm\\bin\\npm-cli.js',
1 verbose cli   'i' ]
2 info using npm@1.4.28
3 info using node@v0.10.35
4 verbose node symlink C:\Program Files\nodejs\\node.exe
5 verbose readDependencies using package.json deps
6 verbose install where, deps [ 'c:\\stest',
6 verbose install   [ 'express',
6 verbose install     'serve-favicon',
6 verbose install     'morgan',
6 verbose install     'cookie-parser',
6 verbose install     'body-parser',
6 verbose install     'express-handlebars',
6 verbose install     'eslint',
6 verbose install     'gulp',
6 verbose install     'gulp-livereload',
6 verbose install     'gulp-nodemon',
6 verbose install     'gulp-plumber',
6 verbose install     'gulp-ruby-sass' ] ]
7 info preinstall stest@0.0.1
8 warn package.json string_decoder@0.10.31 string_decoder is also the name of a node core module.
9 verbose readDependencies using package.json deps
10 verbose already installed skipping express@^4.13.3 c:\stest
11 verbose already installed skipping serve-favicon@^2.3.0 c:\stest
12 verbose already installed skipping morgan@^1.6.1 c:\stest
13 verbose already installed skipping cookie-parser@^1.3.3 c:\stest
14 verbose already installed skipping body-parser@^1.13.3 c:\stest
15 verbose already installed skipping express-handlebars@^3.0.0 c:\stest
16 verbose already installed skipping eslint@^2.8.0 c:\stest
17 verbose already installed skipping gulp@^3.9.0 c:\stest
18 verbose already installed skipping gulp-livereload@^3.8.0 c:\stest
19 verbose already installed skipping gulp-nodemon@^2.0.2 c:\stest
20 verbose already installed skipping gulp-plumber@^1.0.0 c:\stest
21 verbose already installed skipping gulp-ruby-sass@^2.0.1 c:\stest
22 silly resolved []
23 info build c:\stest
24 verbose linkStuff [ false, false, false, 'c:\\' ]
25 info linkStuff stest@0.0.1
26 verbose linkBins stest@0.0.1
27 verbose linkMans stest@0.0.1
28 verbose rebuildBundles stest@0.0.1
29 verbose rebuildBundles [ '.bin',
29 verbose rebuildBundles   'abbrev',
29 verbose rebuildBundles   'accepts',
29 verbose rebuildBundles   'acorn',
29 verbose rebuildBundles   'acorn-jsx',
29 verbose rebuildBundles   'align-text',
29 verbose rebuildBundles   'amdefine',
29 verbose rebuildBundles   'ansi-escapes',
29 verbose rebuildBundles   'ansi-regex',
29 verbose rebuildBundles   'ansi-styles',
29 verbose rebuildBundles   'anymatch',
29 verbose rebuildBundles   'archy',
29 verbose rebuildBundles   'argparse',
29 verbose rebuildBundles   'arr-diff',
29 verbose rebuildBundles   'arr-flatten',
29 verbose rebuildBundles   'array-differ',
29 verbose rebuildBundles   'array-find-index',
29 verbose rebuildBundles   'array-flatten',
29 verbose rebuildBundles   'array-union',
29 verbose rebuildBundles   'array-uniq',
29 verbose rebuildBundles   'array-unique',
29 verbose rebuildBundles   'arrify',
29 verbose rebuildBundles   'asap',
29 verbose rebuildBundles   'ast-types',
29 verbose rebuildBundles   'async',
29 verbose rebuildBundles   'async-each',
29 verbose rebuildBundles   'balanced-match',
29 verbose rebuildBundles   'basic-auth',
29 verbose rebuildBundles   'beeper',
29 verbose rebuildBundles   'binary-extensions',
29 verbose rebuildBundles   'bluebird',
29 verbose rebuildBundles   'body-parser',
29 verbose rebuildBundles   'brace-expansion',
29 verbose rebuildBundles   'braces',
29 verbose rebuildBundles   'builtin-modules',
29 verbose rebuildBundles   'bytes',
29 verbose rebuildBundles   'caller-path',
29 verbose rebuildBundles   'callsites',
29 verbose rebuildBundles   'camelcase',
29 verbose rebuildBundles   'camelcase-keys',
29 verbose rebuildBundles   'center-align',
29 verbose rebuildBundles   'chalk',
29 verbose rebuildBundles   'chokidar',
29 verbose rebuildBundles   'cli-cursor',
29 verbose rebuildBundles   'cli-width',
29 verbose rebuildBundles   'cliui',
29 verbose rebuildBundles   'clone',
29 verbose rebuildBundles   'clone-stats',
29 verbose rebuildBundles   'code-point-at',
29 verbose rebuildBundles   'colors',
29 verbose rebuildBundles   'concat-map',
29 verbose rebuildBundles   'concat-stream',
29 verbose rebuildBundles   'configstore',
29 verbose rebuildBundles   'content-disposition',
29 verbose rebuildBundles   'content-type',
29 verbose rebuildBundles   'convert-source-map',
29 verbose rebuildBundles   'cookie',
29 verbose rebuildBundles   'cookie-parser',
29 verbose rebuildBundles   'cookie-signature',
29 verbose rebuildBundles   'core-util-is',
29 verbose rebuildBundles   'cross-spawn-async',
29 verbose rebuildBundles   'd',
29 verbose rebuildBundles   'dargs',
29 verbose rebuildBundles   'dateformat',
29 verbose rebuildBundles   'debug',
29 verbose rebuildBundles   'decamelize',
29 verbose rebuildBundles   'deep-extend',
29 verbose rebuildBundles   'deep-is',
29 verbose rebuildBundles   'defaults',
29 verbose rebuildBundles   'define-properties',
29 verbose rebuildBundles   'del',
29 verbose rebuildBundles   'depd',
29 verbose rebuildBundles   'deprecated',
29 verbose rebuildBundles   'destroy',
29 verbose rebuildBundles   'doctrine',
29 verbose rebuildBundles   'duplexer',
29 verbose rebuildBundles   'duplexer2',
29 verbose rebuildBundles   'duplexify',
29 verbose rebuildBundles   'each-async',
29 verbose rebuildBundles   'ee-first',
29 verbose rebuildBundles   'end-of-stream',
29 verbose rebuildBundles   'error-ex',
29 verbose rebuildBundles   'es5-ext',
29 verbose rebuildBundles   'es6-iterator',
29 verbose rebuildBundles   'es6-map',
29 verbose rebuildBundles   'es6-promise',
29 verbose rebuildBundles   'es6-set',
29 verbose rebuildBundles   'es6-symbol',
29 verbose rebuildBundles   'es6-weak-map',
29 verbose rebuildBundles   'escape-html',
29 verbose rebuildBundles   'escape-string-regexp',
29 verbose rebuildBundles   'escope',
29 verbose rebuildBundles   'eslint',
29 verbose rebuildBundles   'esmangle-evaluator',
29 verbose rebuildBundles   'espree',
29 verbose rebuildBundles   'esprima',
29 verbose rebuildBundles   'esrecurse',
29 verbose rebuildBundles   'estraverse',
29 verbose rebuildBundles   'esutils',
29 verbose rebuildBundles   'etag',
29 verbose rebuildBundles   'event-emitter',
29 verbose rebuildBundles   'event-stream',
29 verbose rebuildBundles   'exit-hook',
29 verbose rebuildBundles   'expand-brackets',
29 verbose rebuildBundles   'expand-range',
29 verbose rebuildBundles   'express',
29 verbose rebuildBundles   'express-handlebars',
29 verbose rebuildBundles   'extend',
29 verbose rebuildBundles   'extglob',
29 verbose rebuildBundles   'falafel',
29 verbose rebuildBundles   'fancy-log',
29 verbose rebuildBundles   'fast-levenshtein',
29 verbose rebuildBundles   'faye-websocket',
29 verbose rebuildBundles   'figures',
29 verbose rebuildBundles   'file-entry-cache',
29 verbose rebuildBundles   'filename-regex',
29 verbose rebuildBundles   'fill-range',
29 verbose rebuildBundles   'finalhandler',
29 verbose rebuildBundles   'find-index',
29 verbose rebuildBundles   'find-up',
29 verbose rebuildBundles   'findup-sync',
29 verbose rebuildBundles   'first-chunk-stream',
29 verbose rebuildBundles   'flagged-respawn',
29 verbose rebuildBundles   'flat-cache',
29 verbose rebuildBundles   'for-in',
29 verbose rebuildBundles   'for-own',
29 verbose rebuildBundles   'foreach',
29 verbose rebuildBundles   'forwarded',
29 verbose rebuildBundles   'fresh',
29 verbose rebuildBundles   'from',
29 verbose rebuildBundles   'function-bind',
29 verbose rebuildBundles   'gaze',
29 verbose rebuildBundles   'generate-function',
29 verbose rebuildBundles   'generate-object-property',
29 verbose rebuildBundles   'get-stdin',
29 verbose rebuildBundles   'glob',
29 verbose rebuildBundles   'glob-base',
29 verbose rebuildBundles   'glob-parent',
29 verbose rebuildBundles   'glob-stream',
29 verbose rebuildBundles   'glob-watcher',
29 verbose rebuildBundles   'glob2base',
29 verbose rebuildBundles   'globals',
29 verbose rebuildBundles   'globby',
29 verbose rebuildBundles   'globule',
29 verbose rebuildBundles   'glogg',
29 verbose rebuildBundles   'got',
29 verbose rebuildBundles   'graceful-fs',
29 verbose rebuildBundles   'gulp',
29 verbose rebuildBundles   'gulp-livereload',
29 verbose rebuildBundles   'gulp-nodemon',
29 verbose rebuildBundles   'gulp-plumber',
29 verbose rebuildBundles   'gulp-ruby-sass',
29 verbose rebuildBundles   'gulp-util',
29 verbose rebuildBundles   'gulplog',
29 verbose rebuildBundles   'handlebars',
29 verbose rebuildBundles   'has-ansi',
29 verbose rebuildBundles   'has-gulplog',
29 verbose rebuildBundles   'hosted-git-info',
29 verbose rebuildBundles   'http-errors',
29 verbose rebuildBundles   'iconv-lite',
29 verbose rebuildBundles   'ignore',
29 verbose rebuildBundles   'ignore-by-default',
29 verbose rebuildBundles   'imurmurhash',
29 verbose rebuildBundles   'indent-string',
29 verbose rebuildBundles   'infinity-agent',
29 verbose rebuildBundles   'inflight',
29 verbose rebuildBundles   'inherits',
29 verbose rebuildBundles   'ini',
29 verbose rebuildBundles   'inline-process-browser',
29 verbose rebuildBundles   'inquirer',
29 verbose rebuildBundles   'interpret',
29 verbose rebuildBundles   'ipaddr.js',
29 verbose rebuildBundles   'is-absolute',
29 verbose rebuildBundles   'is-arrayish',
29 verbose rebuildBundles   'is-binary-path',
29 verbose rebuildBundles   'is-buffer',
29 verbose rebuildBundles   'is-builtin-module',
29 verbose rebuildBundles   'is-dotfile',
29 verbose rebuildBundles   'is-equal-shallow',
29 verbose rebuildBundles   'is-extendable',
29 verbose rebuildBundles   'is-extglob',
29 verbose rebuildBundles   'is-finite',
29 verbose rebuildBundles   'is-fullwidth-code-point',
29 verbose rebuildBundles   'is-glob',
29 verbose rebuildBundles   'is-my-json-valid',
29 verbose rebuildBundles   'is-npm',
29 verbose rebuildBundles   'is-number',
29 verbose rebuildBundles   'is-path-cwd',
29 verbose rebuildBundles   'is-path-in-cwd',
29 verbose rebuildBundles   'is-path-inside',
29 verbose rebuildBundles   'is-posix-bracket',
29 verbose rebuildBundles   'is-primitive',
29 verbose rebuildBundles   'is-property',
29 verbose rebuildBundles   'is-redirect',
29 verbose rebuildBundles   'is-relative',
29 verbose rebuildBundles   'is-resolvable',
29 verbose rebuildBundles   'is-stream',
29 verbose rebuildBundles   'is-utf8',
29 verbose rebuildBundles   'isarray',
29 verbose rebuildBundles   'isexe',
29 verbose rebuildBundles   'isobject',
29 verbose rebuildBundles   'js-yaml',
29 verbose rebuildBundles   'json-stable-stringify',
29 verbose rebuildBundles   'jsonify',
29 verbose rebuildBundles   'jsonpointer',
29 verbose rebuildBundles   'kind-of',
29 verbose rebuildBundles   'latest-version',
29 verbose rebuildBundles   'lazy-cache',
29 verbose rebuildBundles   'levn',
29 verbose rebuildBundles   'liftoff',
29 verbose rebuildBundles   'livereload-js',
29 verbose rebuildBundles   'load-json-file',
29 verbose rebuildBundles   'lodash',
29 verbose rebuildBundles   'lodash._baseassign',
29 verbose rebuildBundles   'lodash._basecopy',
29 verbose rebuildBundles   'lodash._basetostring',
29 verbose rebuildBundles   'lodash._basevalues',
29 verbose rebuildBundles   'lodash._bindcallback',
29 verbose rebuildBundles   'lodash._createassigner',
29 verbose rebuildBundles   'lodash._getnative',
29 verbose rebuildBundles   'lodash._isiterateecall',
29 verbose rebuildBundles   'lodash._reescape',
29 verbose rebuildBundles   'lodash._reevaluate',
29 verbose rebuildBundles   'lodash._reinterpolate',
29 verbose rebuildBundles   'lodash._root',
29 verbose rebuildBundles   'lodash.assign',
29 verbose rebuildBundles   'lodash.defaults',
29 verbose rebuildBundles   'lodash.escape',
29 verbose rebuildBundles   'lodash.isarguments',
29 verbose rebuildBundles   'lodash.isarray',
29 verbose rebuildBundles   'lodash.keys',
29 verbose rebuildBundles   'lodash.restparam',
29 verbose rebuildBundles   'lodash.template',
29 verbose rebuildBundles   'lodash.templatesettings',
29 verbose rebuildBundles   'longest',
29 verbose rebuildBundles   'loud-rejection',
29 verbose rebuildBundles   'lowercase-keys',
29 verbose rebuildBundles   'lru-cache',
29 verbose rebuildBundles   'map-obj',
29 verbose rebuildBundles   'map-stream',
29 verbose rebuildBundles   'md5-hex',
29 verbose rebuildBundles   'md5-o-matic',
29 verbose rebuildBundles   'media-typer',
29 verbose rebuildBundles   'meow',
29 verbose rebuildBundles   'merge-descriptors',
29 verbose rebuildBundles   'merge-stream',
29 verbose rebuildBundles   'methods',
29 verbose rebuildBundles   'micromatch',
29 verbose rebuildBundles   'mime',
29 verbose rebuildBundles   'mime-db',
29 verbose rebuildBundles   'mime-types',
29 verbose rebuildBundles   'mini-lr',
29 verbose rebuildBundles   'minimatch',
29 verbose rebuildBundles   'minimist',
29 verbose rebuildBundles   'mkdirp',
29 verbose rebuildBundles   'morgan',
29 verbose rebuildBundles   'ms',
29 verbose rebuildBundles   'multipipe',
29 verbose rebuildBundles   'mute-stream',
29 verbose rebuildBundles   'negotiator',
29 verbose rebuildBundles   'nested-error-stacks',
29 verbose rebuildBundles   'nodemon',
29 verbose rebuildBundles   'nopt',
29 verbose rebuildBundles   'normalize-package-data',
29 verbose rebuildBundles   'normalize-path',
29 verbose rebuildBundles   'number-is-nan',
29 verbose rebuildBundles   'object-assign',
29 verbose rebuildBundles   'object-keys',
29 verbose rebuildBundles   'object.assign',
29 verbose rebuildBundles   'object.omit',
29 verbose rebuildBundles   'on-finished',
29 verbose rebuildBundles   'on-headers',
29 verbose rebuildBundles   'once',
29 verbose rebuildBundles   'onetime',
29 verbose rebuildBundles   'optimist',
29 verbose rebuildBundles   'optionator',
29 verbose rebuildBundles   'orchestrator',
29 verbose rebuildBundles   'ordered-read-streams',
29 verbose rebuildBundles   'os-homedir',
29 verbose rebuildBundles   'os-tmpdir',
29 verbose rebuildBundles   'osenv',
29 verbose rebuildBundles   'package-json',
29 verbose rebuildBundles   'parse-glob',
29 verbose rebuildBundles   'parse-json',
29 verbose rebuildBundles   'parseurl',
29 verbose rebuildBundles   'path-exists',
29 verbose rebuildBundles   'path-is-absolute',
29 verbose rebuildBundles   'path-is-inside',
29 verbose rebuildBundles   'path-to-regexp',
29 verbose rebuildBundles   'path-type',
29 verbose rebuildBundles   'pause-stream',
29 verbose rebuildBundles   'pify',
29 verbose rebuildBundles   'pinkie',
29 verbose rebuildBundles   'pinkie-promise',
29 verbose rebuildBundles   'pluralize',
29 verbose rebuildBundles   'prelude-ls',
29 verbose rebuildBundles   'prepend-http',
29 verbose rebuildBundles   'preserve',
29 verbose rebuildBundles   'pretty-hrtime',
29 verbose rebuildBundles   'private',
29 verbose rebuildBundles   'process-nextick-args',
29 verbose rebuildBundles   'progress',
29 verbose rebuildBundles   'promise',
29 verbose rebuildBundles   'proxy-addr',
29 verbose rebuildBundles   'ps-tree',
29 verbose rebuildBundles   'pseudomap',
29 verbose rebuildBundles   'qs',
29 verbose rebuildBundles   'randomatic',
29 verbose rebuildBundles   'range-parser',
29 verbose rebuildBundles   'raw-body',
29 verbose rebuildBundles   'rc',
29 verbose rebuildBundles   'read-all-stream',
29 verbose rebuildBundles   'read-json-sync',
29 verbose rebuildBundles   'read-pkg',
29 verbose rebuildBundles   'read-pkg-up',
29 verbose rebuildBundles   'readable-stream',
29 verbose rebuildBundles   'readdirp',
29 verbose rebuildBundles   'readline2',
29 verbose rebuildBundles   'recast',
29 verbose rebuildBundles   'rechoir',
29 verbose rebuildBundles   'redent',
29 verbose rebuildBundles   'regex-cache',
29 verbose rebuildBundles   'registry-url',
29 verbose rebuildBundles   'repeat-element',
29 verbose rebuildBundles   'repeat-string',
29 verbose rebuildBundles   'repeating',
29 verbose rebuildBundles   'replace-ext',
29 verbose rebuildBundles   'require-uncached',
29 verbose rebuildBundles   'resolve',
29 verbose rebuildBundles   'resolve-from',
29 verbose rebuildBundles   'restore-cursor',
29 verbose rebuildBundles   'right-align',
29 verbose rebuildBundles   'rimraf',
29 verbose rebuildBundles   'run-async',
29 verbose rebuildBundles   'rx-lite',
29 verbose rebuildBundles   'semver',
29 verbose rebuildBundles   'semver-diff',
29 verbose rebuildBundles   'send',
29 verbose rebuildBundles   'sequencify',
29 verbose rebuildBundles   'serve-favicon',
29 verbose rebuildBundles   'serve-static',
29 verbose rebuildBundles   'set-immediate-shim',
29 verbose rebuildBundles   'shelljs',
29 verbose rebuildBundles   'sigmund',
29 verbose rebuildBundles   'signal-exit',
29 verbose rebuildBundles   'slice-ansi',
29 verbose rebuildBundles   'slide',
29 verbose rebuildBundles   'source-map',
29 verbose rebuildBundles   'sparkles',
29 verbose rebuildBundles   'spdx-correct',
29 verbose rebuildBundles   'spdx-exceptions',
29 verbose rebuildBundles   'spdx-expression-parse',
29 verbose rebuildBundles   'spdx-license-ids',
29 verbose rebuildBundles   'split',
29 verbose rebuildBundles   'sprintf-js',
29 verbose rebuildBundles   'statuses',
29 verbose rebuildBundles   'stream-combiner',
29 verbose rebuildBundles   'stream-consume',
29 verbose rebuildBundles   'string-length',
29 verbose rebuildBundles   'string-width',
29 verbose rebuildBundles   'string_decoder',
29 verbose rebuildBundles   'strip-ansi',
29 verbose rebuildBundles   'strip-bom',
29 verbose rebuildBundles   'strip-indent',
29 verbose rebuildBundles   'strip-json-comments',
29 verbose rebuildBundles   'supports-color',
29 verbose rebuildBundles   'table',
29 verbose rebuildBundles   'text-table',
29 verbose rebuildBundles   'through',
29 verbose rebuildBundles   'through2',
29 verbose rebuildBundles   'through2-filter',
29 verbose rebuildBundles   'tildify',
29 verbose rebuildBundles   'time-stamp',
29 verbose rebuildBundles   'timed-out',
29 verbose rebuildBundles   'touch',
29 verbose rebuildBundles   'trim-newlines',
29 verbose rebuildBundles   'tryit',
29 verbose rebuildBundles   'tv4',
29 verbose rebuildBundles   'type-check',
29 verbose rebuildBundles   'type-is',
29 verbose rebuildBundles   'typedarray',
29 verbose rebuildBundles   'uglify-js',
29 verbose rebuildBundles   'uglify-to-browserify',
29 verbose rebuildBundles   'undefsafe',
29 verbose rebuildBundles   'unique-stream',
29 verbose rebuildBundles   'unpipe',
29 verbose rebuildBundles   'unreachable-branch-transform',
29 verbose rebuildBundles   'update-notifier',
29 verbose rebuildBundles   'user-home',
29 verbose rebuildBundles   'util-deprecate',
29 verbose rebuildBundles   'utils-merge',
29 verbose rebuildBundles   'uuid',
29 verbose rebuildBundles   'v8flags',
29 verbose rebuildBundles   'validate-npm-package-license',
29 verbose rebuildBundles   'vary',
29 verbose rebuildBundles   'vinyl',
29 verbose rebuildBundles   'vinyl-fs',
29 verbose rebuildBundles   'websocket-driver',
29 verbose rebuildBundles   'websocket-extensions',
29 verbose rebuildBundles   'which',
29 verbose rebuildBundles   'window-size',
29 verbose rebuildBundles   'wordwrap',
29 verbose rebuildBundles   'wrappy',
29 verbose rebuildBundles   'write',
29 verbose rebuildBundles   'write-file-atomic',
29 verbose rebuildBundles   'xdg-basedir',
29 verbose rebuildBundles   'xregexp',
29 verbose rebuildBundles   'xtend',
29 verbose rebuildBundles   'yallist',
29 verbose rebuildBundles   'yargs' ]
30 verbose rebuild bundle c:\stest\node_modules\abbrev
31 info build c:\stest\node_modules\abbrev
32 info preinstall abbrev@1.0.7
33 verbose linkStuff [ false, false, false, 'c:\\stest\\node_modules' ]
34 info linkStuff abbrev@1.0.7
35 verbose linkBins abbrev@1.0.7
36 verbose linkMans abbrev@1.0.7
37 verbose rebuildBundles abbrev@1.0.7
38 info install abbrev@1.0.7
39 info postinstall abbrev@1.0.7
40 verbose rebuild bundle c:\stest\node_modules\accepts
41 info build c:\stest\node_modules\accepts
42 info preinstall accepts@1.2.13
43 verbose linkStuff [ false, false, false, 'c:\\stest\\node_modules' ]
44 info linkStuff accepts@1.2.13
45 verbose linkBins accepts@1.2.13
46 verbose linkMans accepts@1.2.13
47 verbose rebuildBundles accepts@1.2.13
48 info install accepts@1.2.13
49 info postinstall accepts@1.2.13
50 verbose rebuild bundle c:\stest\node_modules\acorn
51 info build c:\stest\node_modules\acorn
52 info preinstall acorn@1.2.2
53 verbose linkStuff [ false, false, false, 'c:\\stest\\node_modules' ]
54 info linkStuff acorn@1.2.2
55 verbose linkBins acorn@1.2.2
56 verbose link bins [ { acorn: './bin/acorn' },
56 verbose link bins   'c:\\stest\\node_modules\\.bin',
56 verbose link bins   false ]
57 verbose linkMans acorn@1.2.2
58 verbose rebuildBundles acorn@1.2.2
59 error Error: ENOENT, chmod 'c:\stest\node_modules\acorn\bin\acorn'
60 error If you need help, you may report this *entire* log,
60 error including the npm and node versions, at:
60 error     <http://github.com/npm/npm/issues>
61 error System Windows_NT 6.2.9200
62 error command "C:\\Program Files\\nodejs\\\\node.exe" "C:\\Program Files\\nodejs\\node_modules\\npm\\bin\\npm-cli.js" "i"
63 error cwd c:\stest
64 error node -v v0.10.35
65 error npm -v 1.4.28
66 error path c:\stest\node_modules\acorn\bin\acorn
67 error code ENOENT
68 error errno 34
69 verbose exit [ 34, true ]
